<?xml version="1.0" encoding="UTF-8"?>
<testsuites>
  <testsuite name="all" time="50.708" tests="8" failures="5" errors="0" skipped="0">
    <testcase name="Arrays examples" file="features\arrays.feature" time="7.132000000000001">
      <failure message="TypeError: Cannot read property 'body' of undefined&#xA;    at Object.responseValueOneOf (c:\repos\bdd-rest-testing\node_modules\bdd-rest-core\rest-steps-api.js:686:51)&#xA;    at customWorld.&lt;anonymous> (c:\repos\bdd-rest-testing\node_modules\bdd-rest-core\rest-steps.js:230:12)"/>
      <system-err>
        <![CDATA[TypeError: Cannot read property 'body' of undefined
    at Object.responseValueOneOf (c:\repos\bdd-rest-testing\node_modules\bdd-rest-core\rest-steps-api.js:686:51)
    at customWorld.<anonymous> (c:\repos\bdd-rest-testing\node_modules\bdd-rest-core\rest-steps.js:230:12)]]>
        [[ATTACHMENT|&lt;strong&gt;Request &lt;/strong&gt; &lt;br /&gt;Method: GET&lt;br /&gt;URL: http://localhost:3000/users&lt;br /&gt;Headers: {
  "User-Agent": "node-superagent/3.8.3"
}&lt;br /&gt;&lt;br/&gt;&lt;br /&gt;]]
      </system-err>
    </testcase>
    <testcase name="Expression currentDate feature" file="features\dates.feature" time="0.026999999999999996"/>
    <testcase name="Headers usage" file="features\headers.feature" time="5.0969999999999995">
      <failure message="TypeError: Cannot read property 'headers' of undefined&#xA;    at Object.responseHeaderAsVariable (c:\repos\bdd-rest-testing\node_modules\bdd-rest-core\rest-steps-api.js:312:28)&#xA;    at customWorld.&lt;anonymous> (c:\repos\bdd-rest-testing\node_modules\bdd-rest-core\rest-steps.js:142:12)"/>
      <system-err>
        <![CDATA[TypeError: Cannot read property 'headers' of undefined
    at Object.responseHeaderAsVariable (c:\repos\bdd-rest-testing\node_modules\bdd-rest-core\rest-steps-api.js:312:28)
    at customWorld.<anonymous> (c:\repos\bdd-rest-testing\node_modules\bdd-rest-core\rest-steps.js:142:12)]]>
        [[ATTACHMENT|&lt;strong&gt;Request &lt;/strong&gt; &lt;br /&gt;Method: GET&lt;br /&gt;URL: http://localhost:3000/users&lt;br /&gt;Headers: {
  "User-Agent": "node-superagent/3.8.3"
}&lt;br /&gt;&lt;br/&gt;&lt;br /&gt;]]
      </system-err>
    </testcase>
    <testcase name="Request examples" file="features\request.feature" time="6.975">
      <failure message="AssertionError: There is no response for last request.Please generate report by command 'yarn report' to see more.&#xA;    at assetEmptyLastResponse (c:\repos\bdd-rest-testing\node_modules\bdd-rest-core\rest-steps-api.js:939:10)&#xA;    at Object.responseValue (c:\repos\bdd-rest-testing\node_modules\bdd-rest-core\rest-steps-api.js:532:2)&#xA;    at customWorld.&lt;anonymous> (c:\repos\bdd-rest-testing\node_modules\bdd-rest-core\rest-steps.js:166:12)"/>
      <system-err>
        <![CDATA[AssertionError: There is no response for last request.Please generate report by command 'yarn report' to see more.
    at assetEmptyLastResponse (c:\repos\bdd-rest-testing\node_modules\bdd-rest-core\rest-steps-api.js:939:10)
    at Object.responseValue (c:\repos\bdd-rest-testing\node_modules\bdd-rest-core\rest-steps-api.js:532:2)
    at customWorld.<anonymous> (c:\repos\bdd-rest-testing\node_modules\bdd-rest-core\rest-steps.js:166:12)]]>
        [[ATTACHMENT|&lt;strong&gt;Request &lt;/strong&gt; &lt;br /&gt;Method: PUT&lt;br /&gt;URL: http://localhost:3000/admins/1&lt;br /&gt;Headers: {
  "User-Agent": "node-superagent/3.8.3",
  "Content-Type": "application/json"
}&lt;br /&gt;Body: &lt;br /&gt;{
"name": "morpheus",
"job": "zion resident"
}&lt;br /&gt;&lt;br/&gt;&lt;br /&gt;]]
      </system-err>
    </testcase>
    <testcase name="Response asserting" file="features\response.feature" time="17.246">
      <failure message="TypeError: Cannot read property 'body' of undefined&#xA;    at Object.responsePathNotExists (c:\repos\bdd-rest-testing\node_modules\bdd-rest-core\rest-steps-api.js:816:58)&#xA;    at customWorld.&lt;anonymous> (c:\repos\bdd-rest-testing\node_modules\bdd-rest-core\rest-steps.js:206:12)"/>
      <system-err>
        <![CDATA[TypeError: Cannot read property 'body' of undefined
    at Object.responsePathNotExists (c:\repos\bdd-rest-testing\node_modules\bdd-rest-core\rest-steps-api.js:816:58)
    at customWorld.<anonymous> (c:\repos\bdd-rest-testing\node_modules\bdd-rest-core\rest-steps.js:206:12)]]>
        [[ATTACHMENT|&lt;strong&gt;Request &lt;/strong&gt; &lt;br /&gt;Method: GET&lt;br /&gt;URL: http://localhost:3000/users&lt;br /&gt;Headers: {
  "User-Agent": "node-superagent/3.8.3"
}&lt;br /&gt;&lt;br/&gt;&lt;br /&gt;]]
      </system-err>
    </testcase>
    <testcase name="Tokens usage" file="features\tokens.feature" time="0.012"/>
    <testcase name="Using variables" file="features\variables.feature" time="14.217999999999996">
      <failure message="AssertionError: There is no response for last request.Please generate report by command 'yarn report' to see more.&#xA;    at assetEmptyLastResponse (c:\repos\bdd-rest-testing\node_modules\bdd-rest-core\rest-steps-api.js:939:10)&#xA;    at Object.setVariableFromResponse (c:\repos\bdd-rest-testing\node_modules\bdd-rest-core\rest-steps-api.js:64:2)&#xA;    at customWorld.&lt;anonymous> (c:\repos\bdd-rest-testing\node_modules\bdd-rest-core\rest-steps.js:102:12)"/>
      <system-err>
        <![CDATA[AssertionError: There is no response for last request.Please generate report by command 'yarn report' to see more.
    at assetEmptyLastResponse (c:\repos\bdd-rest-testing\node_modules\bdd-rest-core\rest-steps-api.js:939:10)
    at Object.setVariableFromResponse (c:\repos\bdd-rest-testing\node_modules\bdd-rest-core\rest-steps-api.js:64:2)
    at customWorld.<anonymous> (c:\repos\bdd-rest-testing\node_modules\bdd-rest-core\rest-steps.js:102:12)]]>
        [[ATTACHMENT|&lt;strong&gt;Request &lt;/strong&gt; &lt;br /&gt;Method: GET&lt;br /&gt;URL: http://localhost:3000/users&lt;br /&gt;Headers: {
  "User-Agent": "node-superagent/3.8.3"
}&lt;br /&gt;&lt;br/&gt;&lt;br /&gt;]]
      </system-err>
    </testcase>
    <testcase name="Background test feature" file="features\backgroundTest.feature" time="0.001"/>
  </testsuite>
</testsuites>